<?xml version="1.0" encoding="UTF-8"?>
<!-- Generated by org.testng.reporters.JUnitReportReporter -->
<testsuite hostname="DESKTOP-IQ2M59A" failures="0" tests="1" name="base.HardAssersions" time="0.024" errors="0" timestamp="2024-09-05T08:05:47 IST" skipped="0">
  <testcase classname="base.HardAssersions" name="m" time="0.024"/>
  <system-out/>
</testsuite> <!-- base.HardAssersions -->
