<?xml version="1.0" encoding="UTF-8"?>
<!-- Generated by org.testng.reporters.JUnitReportReporter -->
<testsuite hostname="DESKTOP-IQ2M59A" failures="0" tests="3" name="DataProvider1" time="24.691" errors="0" timestamp="2024-12-13T08:23:30 IST" skipped="0">
  <testcase classname="DataProvider1" name="login" time="9.088"/>
  <system-out/>
  <testcase classname="DataProvider1" name="login" time="7.699"/>
  <system-out/>
  <testcase classname="DataProvider1" name="login" time="7.904"/>
  <system-out/>
</testsuite> <!-- DataProvider1 -->
