<?xml version="1.0" encoding="UTF-8"?>
<!-- Generated by org.testng.reporters.JUnitReportReporter -->
<testsuite hostname="DESKTOP-IQ2M59A" failures="0" tests="3" name="excelRead.MKDataRead" time="6.049" errors="0" timestamp="2025-01-08T08:41:14 IST" skipped="0">
  <testcase classname="excelRead.MKDataRead" name="login" time="2.577"/>
  <system-out/>
  <testcase classname="excelRead.MKDataRead" name="login" time="1.727"/>
  <system-out/>
  <testcase classname="excelRead.MKDataRead" name="login" time="1.745"/>
  <system-out/>
</testsuite> <!-- excelRead.MKDataRead -->
