<?xml version="1.0" encoding="UTF-8"?>
<!-- Generated by org.testng.reporters.JUnitReportReporter -->
<testsuite hostname="DESKTOP-IQ2M59A" failures="0" tests="2" name="parallelTesting1.ParallelTestDemo" time="28.863" errors="0" timestamp="2024-12-07T08:17:03 IST" skipped="0">
  <testcase classname="parallelTesting1.ParallelTestDemo" name="verfyTitle" time="11.278"/>
  <system-out/>
  <testcase classname="parallelTesting1.ParallelTestDemo" name="verfyLogo" time="17.585"/>
  <system-out/>
</testsuite> <!-- parallelTesting1.ParallelTestDemo -->
