<?xml version="1.0" encoding="UTF-8"?>
<!-- Generated by org.testng.reporters.JUnitReportReporter -->
<testsuite hostname="DESKTOP-IQ2M59A" failures="0" tests="2" name="parallelTest.TestClasss" time="16.532" errors="0" timestamp="2024-12-07T08:15:04 IST" skipped="0">
  <testcase classname="parallelTest.TestClasss" name="validatingLogin" time="10.404"/>
  <system-out/>
  <testcase classname="parallelTest.TestClasss" name="validatingLoginbutton" time="6.128"/>
  <system-out/>
</testsuite> <!-- parallelTest.TestClasss -->
