<?xml version="1.0" encoding="UTF-8"?>
<!-- Generated by org.testng.reporters.JUnitReportReporter -->
<testsuite hostname="DESKTOP-IQ2M59A" failures="0" tests="2" name="crossBrowser.TestClasss" time="33.952" errors="0" timestamp="2024-12-07T08:10:56 IST" skipped="0">
  <testcase classname="crossBrowser.TestClasss" name="validatingLogin" time="16.132"/>
  <system-out/>
  <testcase classname="crossBrowser.TestClasss" name="validatingLogin" time="17.820"/>
  <system-out/>
</testsuite> <!-- crossBrowser.TestClasss -->
