<?xml version="1.0" encoding="UTF-8"?>
<!-- Generated by org.testng.reporters.JUnitReportReporter -->
<testsuite hostname="DESKTOP-IQ2M59A" failures="0" tests="4" name="com.mystore.testcases.TC_MyAccountPageTestDataDrivan" time="7.450" errors="0" timestamp="2025-01-27T18:07:06 IST" skipped="2">
  <testcase classname="com.mystore.testcases.TC_MyAccountPageTestDataDrivan" name="verifyLogin" time="3.170"/>
  <system-out/>
  <testcase classname="com.mystore.testcases.TC_MyAccountPageTestDataDrivan" name="verifyLogin" time="4.280"/>
  <system-out/>
  <testcase classname="com.mystore.testcases.TC_MyAccountPageTestDataDrivan" name="VerifyUserregistrationandlogin">
    <skipped/>
  </testcase> <!-- VerifyUserregistrationandlogin -->
  <system-out/>
  <testcase classname="com.mystore.testcases.TC_MyAccountPageTestDataDrivan" name="Login">
    <skipped/>
  </testcase> <!-- Login -->
  <system-out/>
</testsuite> <!-- com.mystore.testcases.TC_MyAccountPageTestDataDrivan -->
